<?xml version="1.0" encoding="UTF-8"?>
<!-- Generated by org.testng.reporters.JUnitXMLReporter -->
<testsuite hostname="INW1PF0MPW77" name="Default test" tests="4" failures="0" timestamp="26 Apr 2020 05:26:01 GMT" time="0.03" errors="0">
  <testcase name="test1" time="0.005" classname="testng.tests.TestNGDemo"/>
  <testcase name="test2" time="0.001" classname="testng.tests.TestNGDemo"/>
  <testcase name="test3" time="0.001" classname="testng.tests.TestNGDemo"/>
  <testcase name="test4" time="0.001" classname="testng.tests.TestNGDemo"/>
</testsuite> <!-- Default test -->
