<?xml version="1.0" encoding="UTF-8"?>
<testng-results skipped="0" failed="0" total="2" passed="2">
  <reporter-output>
  </reporter-output>
  <suite name="Suite" duration-ms="32" started-at="2020-04-26T05:26:50Z" finished-at="2020-04-26T05:26:50Z">
    <groups>
      <group name="sanity">
        <method signature="TestNGDemo.test3()[pri:1, instance:testng.tests.TestNGDemo@56f4468b]" name="test3" class="testng.tests.TestNGDemo"/>
        <method signature="TestNGDemo.test4()[pri:1, instance:testng.tests.TestNGDemo@56f4468b]" name="test4" class="testng.tests.TestNGDemo"/>
      </group> <!-- sanity -->
    </groups>
    <test name="Test" duration-ms="32" started-at="2020-04-26T05:26:50Z" finished-at="2020-04-26T05:26:50Z">
      <class name="testng.tests.TestNGDemo">
        <test-method status="PASS" signature="beforeMethod()[pri:0, instance:testng.tests.TestNGDemo@56f4468b]" name="beforeMethod" is-config="true" duration-ms="5" started-at="2020-04-26T10:56:50Z" finished-at="2020-04-26T10:56:50Z">
          <reporter-output>
          </reporter-output>
        </test-method> <!-- beforeMethod -->
        <test-method status="PASS" signature="test3()[pri:1, instance:testng.tests.TestNGDemo@56f4468b]" name="test3" duration-ms="5" started-at="2020-04-26T10:56:50Z" finished-at="2020-04-26T10:56:50Z">
          <reporter-output>
          </reporter-output>
        </test-method> <!-- test3 -->
        <test-method status="PASS" signature="beforeMethod()[pri:0, instance:testng.tests.TestNGDemo@56f4468b]" name="beforeMethod" is-config="true" duration-ms="0" started-at="2020-04-26T10:56:50Z" finished-at="2020-04-26T10:56:50Z">
          <reporter-output>
          </reporter-output>
        </test-method> <!-- beforeMethod -->
        <test-method status="PASS" signature="test4()[pri:1, instance:testng.tests.TestNGDemo@56f4468b]" name="test4" duration-ms="1" started-at="2020-04-26T10:56:50Z" finished-at="2020-04-26T10:56:50Z">
          <reporter-output>
          </reporter-output>
        </test-method> <!-- test4 -->
      </class> <!-- testng.tests.TestNGDemo -->
    </test> <!-- Test -->
  </suite> <!-- Suite -->
</testng-results>
